c:\users\radek zajdel\desktop\imat2800-tanks-master\debug\vc141.pdb
c:\users\radek zajdel\desktop\imat2800-tanks-master\debug\vc141.idb
c:\users\radek zajdel\desktop\imat2800-tanks-master\debug\thomas.obj
c:\users\radek zajdel\desktop\imat2800-tanks-master\debug\tank.obj
c:\users\radek zajdel\desktop\imat2800-tanks-master\debug\shell.obj
c:\users\radek zajdel\desktop\imat2800-tanks-master\debug\playertank.obj
c:\users\radek zajdel\desktop\imat2800-tanks-master\debug\obstacle.obj
c:\users\radek zajdel\desktop\imat2800-tanks-master\debug\node.obj
c:\users\radek zajdel\desktop\imat2800-tanks-master\debug\map.obj
c:\users\radek zajdel\desktop\imat2800-tanks-master\debug\main.obj
c:\users\radek zajdel\desktop\imat2800-tanks-master\debug\game.obj
c:\users\radek zajdel\desktop\imat2800-tanks-master\debug\dumbtank.obj
c:\users\radek zajdel\desktop\imat2800-tanks-master\debug\boundingbox.obj
c:\users\radek zajdel\desktop\imat2800-tanks-master\debug\aitank.obj
c:\users\radek zajdel\desktop\imat2800-tanks-master\debug\ai.obj
c:\users\radek zajdel\desktop\imat2800-tanks-master\debug\tankwar.ilk
c:\users\radek zajdel\desktop\imat2800-tanks-master\debug\tankwar.exe
c:\users\radek zajdel\desktop\imat2800-tanks-master\debug\tankwar.pdb
c:\users\radek zajdel\desktop\imat2800-tanks-master\debug\vc140.idb
c:\users\radek zajdel\desktop\imat2800-tanks-master\debug\vc140.pdb
c:\users\radek zajdel\desktop\imat2800-tanks-master\debug\tankwar.tlog\cl.command.1.tlog
c:\users\radek zajdel\desktop\imat2800-tanks-master\debug\tankwar.tlog\cl.read.1.tlog
c:\users\radek zajdel\desktop\imat2800-tanks-master\debug\tankwar.tlog\cl.write.1.tlog
c:\users\radek zajdel\desktop\imat2800-tanks-master\debug\tankwar.tlog\link.command.1.tlog
c:\users\radek zajdel\desktop\imat2800-tanks-master\debug\tankwar.tlog\link.delete.1.tlog
c:\users\radek zajdel\desktop\imat2800-tanks-master\debug\tankwar.tlog\link.read.1.tlog
c:\users\radek zajdel\desktop\imat2800-tanks-master\debug\tankwar.tlog\link.write.1.tlog
